"D:/project/unreal project/Introduce/AndroidQuickStart/Content/Mannequin/Character/Mesh/SK_Mannequin_Skeleton.uasset" 0
"D:/project/unreal project/Introduce/AndroidQuickStart/Content/Mannequin/Character/Mesh/SK_Mannequin_Skeleton.uexp" 1
"D:/project/unreal project/Introduce/AndroidQuickStart/Content/Mannequin/Animations/ThirdPerson_Jump.uasset" 2
"D:/project/unreal project/Introduce/AndroidQuickStart/Content/Mannequin/Animations/ThirdPerson_Jump.uexp" 3
"D:/project/unreal project/Introduce/AndroidQuickStart/Content/Mannequin/Character/Mesh/SK_Mannequin_PhysicsAsset.uasset" 4
"D:/project/unreal project/Introduce/AndroidQuickStart/Content/Mannequin/Character/Mesh/SK_Mannequin_PhysicsAsset.uexp" 5
"D:/project/unreal project/Introduce/AndroidQuickStart/Content/Mannequin/Character/Textures/UE4Man_Logo_N.uasset" 6
"D:/project/unreal project/Introduce/AndroidQuickStart/Content/Mannequin/Character/Textures/UE4Man_Logo_N.uexp" 7
"D:/project/unreal project/Introduce/AndroidQuickStart/Content/Mannequin/Character/Textures/UE4Man_Logo_N.ubulk" 8
"D:/project/unreal project/Introduce/AndroidQuickStart/Content/Mannequin/Character/Textures/T_UE4_Mannequin_Mobile_N.uasset" 9
"D:/project/unreal project/Introduce/AndroidQuickStart/Content/Mannequin/Character/Textures/T_UE4_Mannequin_Mobile_N.uexp" 10
"D:/project/unreal project/Introduce/AndroidQuickStart/Content/Mannequin/Character/Textures/T_UE4_Mannequin_Mobile_N.ubulk" 11
"D:/project/unreal project/Introduce/AndroidQuickStart/Content/Mannequin/Character/Textures/T_UE4_Mannequin_Mobile_M.uasset" 12
"D:/project/unreal project/Introduce/AndroidQuickStart/Content/Mannequin/Character/Textures/T_UE4_Mannequin_Mobile_M.uexp" 13
"D:/project/unreal project/Introduce/AndroidQuickStart/Content/Mannequin/Character/Textures/T_UE4_Mannequin_Mobile_M.ubulk" 14
"D:/project/unreal project/Introduce/AndroidQuickStart/Content/Mannequin/Character/Materials/MaterialLayers/T_ML_Aluminum01_N.uasset" 15
"D:/project/unreal project/Introduce/AndroidQuickStart/Content/Mannequin/Character/Materials/MaterialLayers/T_ML_Aluminum01_N.uexp" 16
"D:/project/unreal project/Introduce/AndroidQuickStart/Content/Mannequin/Character/Materials/MaterialLayers/T_ML_Aluminum01_N.ubulk" 17
"D:/project/unreal project/Introduce/AndroidQuickStart/Content/Mannequin/Character/Materials/MaterialLayers/T_ML_Aluminum01.uasset" 18
"D:/project/unreal project/Introduce/AndroidQuickStart/Content/Mannequin/Character/Materials/MaterialLayers/T_ML_Aluminum01.uexp" 19
"D:/project/unreal project/Introduce/AndroidQuickStart/Content/Mannequin/Character/Materials/MaterialLayers/T_ML_Aluminum01.ubulk" 20
"D:/project/unreal project/Introduce/AndroidQuickStart/Content/Mannequin/Character/Materials/MaterialLayers/ML_SoftMetal_UE4.uasset" 21
"D:/project/unreal project/Introduce/AndroidQuickStart/Content/Mannequin/Character/Materials/MaterialLayers/ML_SoftMetal_UE4.uexp" 22
"D:/project/unreal project/Introduce/AndroidQuickStart/Content/Mannequin/Character/Textures/UE4_LOGO_CARD.uasset" 23
"D:/project/unreal project/Introduce/AndroidQuickStart/Content/Mannequin/Character/Textures/UE4_LOGO_CARD.uexp" 24
"D:/project/unreal project/Introduce/AndroidQuickStart/Content/Mannequin/Character/Textures/UE4_LOGO_CARD.ubulk" 25
"D:/project/unreal project/Introduce/AndroidQuickStart/Content/Mannequin/Character/Materials/MaterialLayers/ML_Plastic_Shiny_Beige_LOGO.uasset" 26
"D:/project/unreal project/Introduce/AndroidQuickStart/Content/Mannequin/Character/Materials/MaterialLayers/ML_Plastic_Shiny_Beige_LOGO.uexp" 27
"D:/project/unreal project/Introduce/AndroidQuickStart/Content/Mannequin/Character/Materials/MaterialLayers/ML_Plastic_Shiny_Beige.uasset" 28
"D:/project/unreal project/Introduce/AndroidQuickStart/Content/Mannequin/Character/Materials/MaterialLayers/ML_Plastic_Shiny_Beige.uexp" 29
"D:/project/unreal project/Introduce/AndroidQuickStart/Content/Mannequin/Character/Materials/MaterialLayers/T_ML_Rubber_Blue_01_N.uasset" 30
"D:/project/unreal project/Introduce/AndroidQuickStart/Content/Mannequin/Character/Materials/MaterialLayers/T_ML_Rubber_Blue_01_N.uexp" 31
"D:/project/unreal project/Introduce/AndroidQuickStart/Content/Mannequin/Character/Materials/MaterialLayers/T_ML_Rubber_Blue_01_N.ubulk" 32
"D:/project/unreal project/Introduce/AndroidQuickStart/Content/Mannequin/Character/Materials/MaterialLayers/T_ML_Rubber_Blue_01_D.uasset" 33
"D:/project/unreal project/Introduce/AndroidQuickStart/Content/Mannequin/Character/Materials/MaterialLayers/T_ML_Rubber_Blue_01_D.uexp" 34
"D:/project/unreal project/Introduce/AndroidQuickStart/Content/Mannequin/Character/Materials/MaterialLayers/T_ML_Rubber_Blue_01_D.ubulk" 35
"D:/project/unreal project/Introduce/AndroidQuickStart/Content/Mannequin/Character/Materials/MaterialLayers/ML_GlossyBlack_Latex_UE4.uasset" 36
"D:/project/unreal project/Introduce/AndroidQuickStart/Content/Mannequin/Character/Materials/MaterialLayers/ML_GlossyBlack_Latex_UE4.uexp" 37
"../../../Engine/Content/Functions/MaterialLayerFunctions/MatLayerBlend_Simple.uasset" 38
"../../../Engine/Content/Functions/MaterialLayerFunctions/MatLayerBlend_Simple.uexp" 39
"../../../Engine/Content/Functions/Engine_MaterialFunctions02/Utility/BlendAngleCorrectedNormals.uasset" 40
"../../../Engine/Content/Functions/Engine_MaterialFunctions02/Utility/BlendAngleCorrectedNormals.uexp" 41
"../../../Engine/Content/Functions/MaterialLayerFunctions/MatLayerBlend_NormalBlend.uasset" 42
"../../../Engine/Content/Functions/MaterialLayerFunctions/MatLayerBlend_NormalBlend.uexp" 43
"D:/project/unreal project/Introduce/AndroidQuickStart/Content/Mannequin/Character/Materials/M_UE4Man_Body.uasset" 44
"D:/project/unreal project/Introduce/AndroidQuickStart/Content/Mannequin/Character/Materials/M_UE4Man_Body.uexp" 45
"D:/project/unreal project/Introduce/AndroidQuickStart/Content/Mannequin/Character/Materials/M_UE4Man_ChestLogo.uasset" 46
"D:/project/unreal project/Introduce/AndroidQuickStart/Content/Mannequin/Character/Materials/M_UE4Man_ChestLogo.uexp" 47
"D:/project/unreal project/Introduce/AndroidQuickStart/Content/Mannequin/Character/Mesh/SK_Mannequin.uasset" 48
"D:/project/unreal project/Introduce/AndroidQuickStart/Content/Mannequin/Character/Mesh/SK_Mannequin.uexp" 49
"../../../Engine/Content/EditorBlueprintResources/StandardMacros.uasset" 50
"../../../Engine/Content/EditorBlueprintResources/StandardMacros.uexp" 51
"D:/project/unreal project/Introduce/AndroidQuickStart/Content/Mannequin/Animations/ThirdPersonWalk.uasset" 52
"D:/project/unreal project/Introduce/AndroidQuickStart/Content/Mannequin/Animations/ThirdPersonWalk.uexp" 53
"D:/project/unreal project/Introduce/AndroidQuickStart/Content/Mannequin/Animations/ThirdPersonRun.uasset" 54
"D:/project/unreal project/Introduce/AndroidQuickStart/Content/Mannequin/Animations/ThirdPersonRun.uexp" 55
"D:/project/unreal project/Introduce/AndroidQuickStart/Content/Mannequin/Animations/ThirdPersonIdle.uasset" 56
"D:/project/unreal project/Introduce/AndroidQuickStart/Content/Mannequin/Animations/ThirdPersonIdle.uexp" 57
"D:/project/unreal project/Introduce/AndroidQuickStart/Content/Mannequin/Animations/ThirdPerson_IdleRun_2D.uasset" 58
"D:/project/unreal project/Introduce/AndroidQuickStart/Content/Mannequin/Animations/ThirdPerson_IdleRun_2D.uexp" 59
"D:/project/unreal project/Introduce/AndroidQuickStart/Content/Mannequin/Animations/ThirdPersonJump_Start.uasset" 60
"D:/project/unreal project/Introduce/AndroidQuickStart/Content/Mannequin/Animations/ThirdPersonJump_Start.uexp" 61
"D:/project/unreal project/Introduce/AndroidQuickStart/Content/Mannequin/Animations/ThirdPersonJump_Loop.uasset" 62
"D:/project/unreal project/Introduce/AndroidQuickStart/Content/Mannequin/Animations/ThirdPersonJump_Loop.uexp" 63
"D:/project/unreal project/Introduce/AndroidQuickStart/Content/Mannequin/Animations/ThirdPersonJump_End.uasset" 64
"D:/project/unreal project/Introduce/AndroidQuickStart/Content/Mannequin/Animations/ThirdPersonJump_End.uexp" 65
"D:/project/unreal project/Introduce/AndroidQuickStart/Content/Mannequin/Animations/ThirdPerson_AnimBP.uasset" 66
"D:/project/unreal project/Introduce/AndroidQuickStart/Content/Mannequin/Animations/ThirdPerson_AnimBP.uexp" 67
"D:/project/unreal project/Introduce/AndroidQuickStart/Content/ThirdPersonBP/Blueprints/ThirdPersonCharacter.uasset" 68
"D:/project/unreal project/Introduce/AndroidQuickStart/Content/ThirdPersonBP/Blueprints/ThirdPersonCharacter.uexp" 69
"D:/project/unreal project/Introduce/AndroidQuickStart/Content/ThirdPersonBP/Blueprints/ThirdPersonGameMode.uasset" 70
"D:/project/unreal project/Introduce/AndroidQuickStart/Content/ThirdPersonBP/Blueprints/ThirdPersonGameMode.uexp" 71
"../../../Engine/Content/Animation/DefaultAnimBoneCompressionSettings.uasset" 72
"../../../Engine/Content/Animation/DefaultAnimBoneCompressionSettings.uexp" 73
"../../../Engine/Content/Animation/DefaultAnimCurveCompressionSettings.uasset" 74
"../../../Engine/Content/Animation/DefaultAnimCurveCompressionSettings.uexp" 75
"../../../Engine/Content/EngineMaterials/T_Default_Material_Grid_N.uasset" 76
"../../../Engine/Content/EngineMaterials/T_Default_Material_Grid_N.uexp" 77
"../../../Engine/Content/EngineMaterials/T_Default_Material_Grid_N.ubulk" 78
"../../../Engine/Content/EngineMaterials/T_Default_Material_Grid_M.uasset" 79
"../../../Engine/Content/EngineMaterials/T_Default_Material_Grid_M.uexp" 80
"../../../Engine/Content/EngineMaterials/T_Default_Material_Grid_M.ubulk" 81
"../../../Engine/Content/Functions/Engine_MaterialFunctions01/Opacity/CameraDepthFade.uasset" 82
"../../../Engine/Content/Functions/Engine_MaterialFunctions01/Opacity/CameraDepthFade.uexp" 83
"../../../Engine/Content/EngineMaterials/WorldGridMaterial.uasset" 84
"../../../Engine/Content/EngineMaterials/WorldGridMaterial.uexp" 85
"../../../Engine/Content/ArtTools/RenderToTexture/Meshes/S_1_Unit_Plane.uasset" 86
"../../../Engine/Content/ArtTools/RenderToTexture/Meshes/S_1_Unit_Plane.uexp" 87
"../../../Engine/Content/EngineMaterials/DefaultMaterial.uasset" 88
"../../../Engine/Content/EngineMaterials/DefaultMaterial.uexp" 89
"../../../Engine/Content/BasicShapes/Cone.uasset" 90
"../../../Engine/Content/BasicShapes/Cone.uexp" 91
"../../../Engine/Content/BasicShapes/Cube.uasset" 92
"../../../Engine/Content/BasicShapes/Cube.uexp" 93
"../../../Engine/Content/BasicShapes/Plane.uasset" 94
"../../../Engine/Content/BasicShapes/Plane.uexp" 95
"../../../Engine/Content/BasicShapes/Sphere.uasset" 96
"../../../Engine/Content/BasicShapes/Sphere.uexp" 97
"../../../Engine/Content/EditorLandscapeResources/DataLayer.uasset" 98
"../../../Engine/Content/EditorLandscapeResources/DataLayer.uexp" 99
"../../../Engine/Content/EditorLandscapeResources/DefaultAlphaTexture.uasset" 100
"../../../Engine/Content/EditorLandscapeResources/DefaultAlphaTexture.uexp" 101
"../../../Engine/Content/EditorMaterials/MAT_Groups_Toggle.uasset" 102
"../../../Engine/Content/EditorMaterials/MAT_Groups_Toggle.uexp" 103
"../../../Engine/Content/EditorMaterials/MAT_Groups_Visibility.uasset" 104
"../../../Engine/Content/EditorMaterials/MAT_Groups_Visibility.uexp" 105
"../../../Engine/Content/EditorMaterials/PreviewShadowIndicator.uasset" 106
"../../../Engine/Content/EditorMaterials/PreviewShadowIndicator.uexp" 107
"../../../Engine/Content/EditorMaterials/PreviewShadowIndicator.ubulk" 108
"../../../Engine/Content/EditorMaterials/PreviewShadowIndicatorMaterial.uasset" 109
"../../../Engine/Content/EditorMaterials/PreviewShadowIndicatorMaterial.uexp" 110
"../../../Engine/Content/EditorMaterials/MatineeGroups/MAT_ColorTrack.uasset" 111
"../../../Engine/Content/EditorMaterials/MatineeGroups/MAT_ColorTrack.uexp" 112
"../../../Engine/Content/EditorMaterials/MatineeGroups/MAT_Groups_Anim.uasset" 113
"../../../Engine/Content/EditorMaterials/MatineeGroups/MAT_Groups_Anim.uexp" 114
"../../../Engine/Content/EditorMaterials/MatineeGroups/MAT_Groups_AudioMaster.uasset" 115
"../../../Engine/Content/EditorMaterials/MatineeGroups/MAT_Groups_AudioMaster.uexp" 116
"../../../Engine/Content/EditorMaterials/MatineeGroups/MAT_Groups_Director.uasset" 117
"../../../Engine/Content/EditorMaterials/MatineeGroups/MAT_Groups_Director.uexp" 118
"../../../Engine/Content/EditorMaterials/MatineeGroups/MAT_Groups_Event.uasset" 119
"../../../Engine/Content/EditorMaterials/MatineeGroups/MAT_Groups_Event.uexp" 120
"../../../Engine/Content/EditorMaterials/MatineeGroups/MAT_Groups_Fade.uasset" 121
"../../../Engine/Content/EditorMaterials/MatineeGroups/MAT_Groups_Fade.uexp" 122
"../../../Engine/Content/EditorMaterials/MatineeGroups/MAT_Groups_Float.uasset" 123
"../../../Engine/Content/EditorMaterials/MatineeGroups/MAT_Groups_Float.uexp" 124
"../../../Engine/Content/EditorMaterials/MatineeGroups/MAT_Groups_Move.uasset" 125
"../../../Engine/Content/EditorMaterials/MatineeGroups/MAT_Groups_Move.uexp" 126
"../../../Engine/Content/EditorMaterials/MatineeGroups/MAT_Groups_Slomo.uasset" 127
"../../../Engine/Content/EditorMaterials/MatineeGroups/MAT_Groups_Slomo.uexp" 128
"../../../Engine/Content/EditorMaterials/MatineeGroups/MAT_Groups_Sound.uasset" 129
"../../../Engine/Content/EditorMaterials/MatineeGroups/MAT_Groups_Sound.uexp" 130
"../../../Engine/Content/EditorMaterials/MatineeGroups/MAT_Groups_Vector.uasset" 131
"../../../Engine/Content/EditorMaterials/MatineeGroups/MAT_Groups_Vector.uexp" 132
"../../../Engine/Content/EditorMaterials/ParticleSystems/PSysThumbnail_NoImage.uasset" 133
"../../../Engine/Content/EditorMaterials/ParticleSystems/PSysThumbnail_NoImage.uexp" 134
"../../../Engine/Content/EditorMaterials/ParticleSystems/PSysThumbnail_NoImage.ubulk" 135
"../../../Engine/Content/EditorMaterials/ParticleSystems/PSysThumbnail_OOD.uasset" 136
"../../../Engine/Content/EditorMaterials/ParticleSystems/PSysThumbnail_OOD.uexp" 137
"../../../Engine/Content/EditorMaterials/ParticleSystems/PSysThumbnail_OOD.ubulk" 138
"../../../Engine/Content/EditorMaterials/Camera/CineMat.uasset" 139
"../../../Engine/Content/EditorMaterials/Camera/CineMat.uexp" 140
"../../../Engine/Content/EditorMaterials/Camera/MI_CineMat_Rig.uasset" 141
"../../../Engine/Content/EditorMaterials/Camera/MI_CineMat_Rig.uexp" 142
"../../../Engine/Content/EditorMeshes/Camera/SM_CraneRig_Arm.uasset" 143
"../../../Engine/Content/EditorMeshes/Camera/SM_CraneRig_Arm.uexp" 144
"../../../Engine/Content/EditorMeshes/Camera/SM_CraneRig_Base.uasset" 145
"../../../Engine/Content/EditorMeshes/Camera/SM_CraneRig_Base.uexp" 146
"../../../Engine/Content/EditorMeshes/Camera/SM_CraneRig_Body.uasset" 147
"../../../Engine/Content/EditorMeshes/Camera/SM_CraneRig_Body.uexp" 148
"../../../Engine/Content/EditorMeshes/Camera/SM_CraneRig_Mount.uasset" 149
"../../../Engine/Content/EditorMeshes/Camera/SM_CraneRig_Mount.uexp" 150
"../../../Engine/Content/EditorMeshes/Camera/SM_RailRig_Mount.uasset" 151
"../../../Engine/Content/EditorMeshes/Camera/SM_RailRig_Mount.uexp" 152
"../../../Engine/Content/EditorMeshes/Camera/SM_RailRig_Track.uasset" 153
"../../../Engine/Content/EditorMeshes/Camera/SM_RailRig_Track.uexp" 154
"../../../Engine/Content/EditorResources/BSPVertex.uasset" 155
"../../../Engine/Content/EditorResources/BSPVertex.uexp" 156
"../../../Engine/Content/EditorResources/EmptyActor.uasset" 157
"../../../Engine/Content/EditorResources/EmptyActor.uexp" 158
"../../../Engine/Content/EditorResources/S_Actor.uasset" 159
"../../../Engine/Content/EditorResources/S_Actor.uexp" 160
"../../../Engine/Content/EditorResources/S_Actor.ubulk" 161
"../../../Engine/Content/EditorResources/S_Note.uasset" 162
"../../../Engine/Content/EditorResources/S_Note.uexp" 163
"../../../Engine/Content/EditorResources/S_Note.ubulk" 164
"../../../Engine/Content/EditorResources/S_Solver.uasset" 165
"../../../Engine/Content/EditorResources/S_Solver.uexp" 166
"../../../Engine/Content/EditorResources/S_Solver.ubulk" 167
"../../../Engine/Content/EditorResources/S_Terrain.uasset" 168
"../../../Engine/Content/EditorResources/S_Terrain.uexp" 169
"../../../Engine/Content/EditorResources/S_Terrain.ubulk" 170
"../../../Engine/Content/EditorResources/S_Trigger.uasset" 171
"../../../Engine/Content/EditorResources/S_Trigger.uexp" 172
"../../../Engine/Content/EditorResources/S_Trigger.ubulk" 173
"../../../Engine/Content/EditorResources/LightIcons/S_LightError.uasset" 174
"../../../Engine/Content/EditorResources/LightIcons/S_LightError.uexp" 175
"../../../Engine/Content/EditorResources/SequenceRecorder/Countdown.uasset" 176
"../../../Engine/Content/EditorResources/SequenceRecorder/Countdown.uexp" 177
"../../../Engine/Content/EditorResources/SequenceRecorder/RecordingIndicator.uasset" 178
"../../../Engine/Content/EditorResources/SequenceRecorder/RecordingIndicator.uexp" 179
"../../../Engine/Content/EngineDamageTypes/DmgTypeBP_Environmental.uasset" 180
"../../../Engine/Content/EngineDamageTypes/DmgTypeBP_Environmental.uexp" 181
"../../../Engine/Content/EngineDebugMaterials/DebugEditorMaterial.uasset" 182
"../../../Engine/Content/EngineDebugMaterials/DebugEditorMaterial.uexp" 183
"../../../Engine/Content/EngineDebugMaterials/DebugMeshMaterial.uasset" 184
"../../../Engine/Content/EngineDebugMaterials/DebugMeshMaterial.uexp" 185
"../../../Engine/Content/EngineDebugMaterials/M_SimpleUnlitTranslucent.uasset" 186
"../../../Engine/Content/EngineDebugMaterials/M_SimpleUnlitTranslucent.uexp" 187
"../../../Engine/Content/EngineDebugMaterials/VolumeToRender.uasset" 188
"../../../Engine/Content/EngineDebugMaterials/VolumeToRender.uexp" 189
"../../../Engine/Content/Functions/Engine_MaterialFunctions02/Utility/CameraDirectionVector.uasset" 190
"../../../Engine/Content/Functions/Engine_MaterialFunctions02/Utility/CameraDirectionVector.uexp" 191
"../../../Engine/Content/EngineDebugMaterials/M_VolumeRenderSphereTracePP.uasset" 192
"../../../Engine/Content/EngineDebugMaterials/M_VolumeRenderSphereTracePP.uexp" 193
"../../../Engine/Content/Functions/Engine_MaterialFunctions01/Shading/ConvertFromDiffSpec.uasset" 194
"../../../Engine/Content/Functions/Engine_MaterialFunctions01/Shading/ConvertFromDiffSpec.uexp" 195
"../../../Engine/Content/EngineDebugMaterials/VertexColorMaterial.uasset" 196
"../../../Engine/Content/EngineDebugMaterials/VertexColorMaterial.uexp" 197
"../../../Engine/Content/EngineDebugMaterials/WireframeMaterial.uasset" 198
"../../../Engine/Content/EngineDebugMaterials/WireframeMaterial.uexp" 199
"../../../Engine/Content/EngineFonts/Faces/RobotoRegular.uasset" 200
"../../../Engine/Content/EngineFonts/Faces/RobotoRegular.uexp" 201
"../../../Engine/Content/EngineFonts/Faces/RobotoRegular.ufont" 202
"../../../Engine/Content/EngineFonts/Faces/RobotoLight.uasset" 203
"../../../Engine/Content/EngineFonts/Faces/RobotoLight.uexp" 204
"../../../Engine/Content/EngineFonts/Faces/RobotoLight.ufont" 205
"../../../Engine/Content/EngineFonts/Faces/RobotoItalic.uasset" 206
"../../../Engine/Content/EngineFonts/Faces/RobotoItalic.uexp" 207
"../../../Engine/Content/EngineFonts/Faces/RobotoItalic.ufont" 208
"../../../Engine/Content/EngineFonts/Faces/RobotoBoldItalic.uasset" 209
"../../../Engine/Content/EngineFonts/Faces/RobotoBoldItalic.uexp" 210
"../../../Engine/Content/EngineFonts/Faces/RobotoBoldItalic.ufont" 211
"../../../Engine/Content/EngineFonts/Faces/RobotoBold.uasset" 212
"../../../Engine/Content/EngineFonts/Faces/RobotoBold.uexp" 213
"../../../Engine/Content/EngineFonts/Faces/RobotoBold.ufont" 214
"../../../Engine/Content/EngineFonts/Faces/DroidSansFallback.uasset" 215
"../../../Engine/Content/EngineFonts/Faces/DroidSansFallback.uexp" 216
"../../../Engine/Content/EngineFonts/Faces/DroidSansFallback.ufont" 217
"../../../Engine/Content/EngineFonts/Roboto.uasset" 218
"../../../Engine/Content/EngineFonts/Roboto.uexp" 219
"../../../Engine/Content/EngineMaterials/BaseFlattenNormalMap.uasset" 220
"../../../Engine/Content/EngineMaterials/BaseFlattenNormalMap.uexp" 221
"../../../Engine/Content/EngineMaterials/BaseFlattenGrayscaleMap.uasset" 222
"../../../Engine/Content/EngineMaterials/BaseFlattenGrayscaleMap.uexp" 223
"../../../Engine/Content/EngineMaterials/BaseFlattenEmissiveMap.uasset" 224
"../../../Engine/Content/EngineMaterials/BaseFlattenEmissiveMap.uexp" 225
"../../../Engine/Content/EngineMaterials/BaseFlattenDiffuseMap.uasset" 226
"../../../Engine/Content/EngineMaterials/BaseFlattenDiffuseMap.uexp" 227
"../../../Engine/Content/EngineMaterials/BaseFlattenMaterial.uasset" 228
"../../../Engine/Content/EngineMaterials/BaseFlattenMaterial.uexp" 229
"../../../Engine/Content/EngineMaterials/BlueNoise.uasset" 230
"../../../Engine/Content/EngineMaterials/BlueNoise.uexp" 231
"../../../Engine/Content/EngineMaterials/DefaultBloomKernel.uasset" 232
"../../../Engine/Content/EngineMaterials/DefaultBloomKernel.uexp" 233
"../../../Engine/Content/EngineMaterials/DefaultBokeh.uasset" 234
"../../../Engine/Content/EngineMaterials/DefaultBokeh.uexp" 235
"../../../Engine/Content/EngineMaterials/DefaultDiffuse.uasset" 236
"../../../Engine/Content/EngineMaterials/DefaultDiffuse.uexp" 237
"../../../Engine/Content/EngineMaterials/DefaultDiffuse.ubulk" 238
"../../../Engine/Content/EngineMaterials/DefaultDeferredDecalMaterial.uasset" 239
"../../../Engine/Content/EngineMaterials/DefaultDeferredDecalMaterial.uexp" 240
"../../../Engine/Content/EngineMaterials/DefaultLightFunctionMaterial.uasset" 241
"../../../Engine/Content/EngineMaterials/DefaultLightFunctionMaterial.uexp" 242
"../../../Engine/Content/EngineMaterials/DefaultPhysicalMaterial.uasset" 243
"../../../Engine/Content/EngineMaterials/DefaultPhysicalMaterial.uexp" 244
"../../../Engine/Content/Functions/Engine_MaterialFunctions02/Utility/BreakOutFloat2Components.uasset" 245
"../../../Engine/Content/Functions/Engine_MaterialFunctions02/Utility/BreakOutFloat2Components.uexp" 246
"../../../Engine/Content/EngineMaterials/DefaultPostProcessMaterial.uasset" 247
"../../../Engine/Content/EngineMaterials/DefaultPostProcessMaterial.uexp" 248
"../../../Engine/Content/EngineFonts/RobotoDistanceField.uasset" 249
"../../../Engine/Content/EngineFonts/RobotoDistanceField.uexp" 250
"../../../Engine/Content/EngineMaterials/DefaultTextMaterialOpaque.uasset" 251
"../../../Engine/Content/EngineMaterials/DefaultTextMaterialOpaque.uexp" 252
"../../../Engine/Content/EngineMaterials/DefaultWhiteGrid.uasset" 253
"../../../Engine/Content/EngineMaterials/DefaultWhiteGrid.uexp" 254
"../../../Engine/Content/EngineMaterials/DefaultWhiteGrid.ubulk" 255
"../../../Engine/Content/EngineMaterials/DefaultWhiteGrid_Low.uasset" 256
"../../../Engine/Content/EngineMaterials/DefaultWhiteGrid_Low.uexp" 257
"../../../Engine/Content/EngineMaterials/EmissiveMeshMaterial.uasset" 258
"../../../Engine/Content/EngineMaterials/EmissiveMeshMaterial.uexp" 259
"../../../Engine/Content/EngineMaterials/GizmoMaterial.uasset" 260
"../../../Engine/Content/EngineMaterials/GizmoMaterial.uexp" 261
"../../../Engine/Content/EngineMaterials/Good64x64TilingNoiseHighFreq.uasset" 262
"../../../Engine/Content/EngineMaterials/Good64x64TilingNoiseHighFreq.uexp" 263
"../../../Engine/Content/EngineMaterials/MiniFont.uasset" 264
"../../../Engine/Content/EngineMaterials/MiniFont.uexp" 265
"../../../Engine/Content/EngineMaterials/InvalidLightmapSettings.uasset" 266
"../../../Engine/Content/EngineMaterials/InvalidLightmapSettings.uexp" 267
"../../../Engine/Content/EngineMaterials/InvalidLightmapSettings.ubulk" 268
"../../../Engine/Content/EngineMaterials/M_InvalidLightmapSettings.uasset" 269
"../../../Engine/Content/EngineMaterials/M_InvalidLightmapSettings.uexp" 270
"../../../Engine/Content/Functions/Engine_MaterialFunctions02/WorldPositionOffset/CameraOffset.uasset" 271
"../../../Engine/Content/Functions/Engine_MaterialFunctions02/WorldPositionOffset/CameraOffset.uexp" 272
"../../../Engine/Content/EngineMaterials/PhAT_JointLimitMaterial.uasset" 273
"../../../Engine/Content/EngineMaterials/PhAT_JointLimitMaterial.uexp" 274
"../../../Engine/Content/EngineMaterials/DefaultCalibrationColor.uasset" 275
"../../../Engine/Content/EngineMaterials/DefaultCalibrationColor.uexp" 276
"../../../Engine/Content/EngineMaterials/PPM_DefaultCalibrationColor.uasset" 277
"../../../Engine/Content/EngineMaterials/PPM_DefaultCalibrationColor.uexp" 278
"../../../Engine/Content/EngineMaterials/DefaultCalibrationGrayscale.uasset" 279
"../../../Engine/Content/EngineMaterials/DefaultCalibrationGrayscale.uexp" 280
"../../../Engine/Content/EngineMaterials/PPM_DefaultCalibrationGrayscale.uasset" 281
"../../../Engine/Content/EngineMaterials/PPM_DefaultCalibrationGrayscale.uexp" 282
"../../../Engine/Content/EngineMaterials/PreintegratedSkinBRDF.uasset" 283
"../../../Engine/Content/EngineMaterials/PreintegratedSkinBRDF.uexp" 284
"../../../Engine/Content/EngineMaterials/RemoveSurfaceMaterial.uasset" 285
"../../../Engine/Content/EngineMaterials/RemoveSurfaceMaterial.uexp" 286
"../../../Engine/Content/EngineMaterials/WeightMapPlaceholderTexture.uasset" 287
"../../../Engine/Content/EngineMaterials/WeightMapPlaceholderTexture.uexp" 288
"../../../Engine/Content/EngineResources/WhiteSquareTexture.uasset" 289
"../../../Engine/Content/EngineResources/WhiteSquareTexture.uexp" 290
"../../../Engine/Content/EngineMaterials/Widget3DPassThrough.uasset" 291
"../../../Engine/Content/EngineMaterials/Widget3DPassThrough.uexp" 292
"../../../Engine/Content/EngineMaterials/Widget3DPassThrough_Masked.uasset" 293
"../../../Engine/Content/EngineMaterials/Widget3DPassThrough_Masked.uexp" 294
"../../../Engine/Content/EngineMaterials/Widget3DPassThrough_Opaque.uasset" 295
"../../../Engine/Content/EngineMaterials/Widget3DPassThrough_Opaque.uexp" 296
"../../../Engine/Content/EngineMaterials/Widget3DPassThrough_Masked_OneSided.uasset" 297
"../../../Engine/Content/EngineMaterials/Widget3DPassThrough_Masked_OneSided.uexp" 298
"../../../Engine/Content/EngineMaterials/Widget3DPassThrough_Opaque_OneSided.uasset" 299
"../../../Engine/Content/EngineMaterials/Widget3DPassThrough_Opaque_OneSided.uexp" 300
"../../../Engine/Content/EngineMaterials/Widget3DPassThrough_Translucent.uasset" 301
"../../../Engine/Content/EngineMaterials/Widget3DPassThrough_Translucent.uexp" 302
"../../../Engine/Content/EngineMaterials/Widget3DPassThrough_Translucent_OneSided.uasset" 303
"../../../Engine/Content/EngineMaterials/Widget3DPassThrough_Translucent_OneSided.uexp" 304
"../../../Engine/Content/EngineMeshes/Cylinder.uasset" 305
"../../../Engine/Content/EngineMeshes/Cylinder.uexp" 306
"../../../Engine/Content/EngineMeshes/Sphere.uasset" 307
"../../../Engine/Content/EngineMeshes/Sphere.uexp" 308
"../../../Engine/Content/EngineResources/DefaultTexture.uasset" 309
"../../../Engine/Content/EngineResources/DefaultTexture.uexp" 310
"../../../Engine/Content/EngineResources/DefaultTexture.ubulk" 311
"../../../Engine/Content/EngineResources/DefaultTextureCube.uasset" 312
"../../../Engine/Content/EngineResources/DefaultTextureCube.uexp" 313
"../../../Engine/Content/EngineResources/DefaultVolumeTexture2D.uasset" 314
"../../../Engine/Content/EngineResources/DefaultVolumeTexture2D.uexp" 315
"../../../Engine/Content/EngineResources/DefaultVolumeTexture.uasset" 316
"../../../Engine/Content/EngineResources/DefaultVolumeTexture.uexp" 317
"../../../Engine/Content/EngineResources/GradientTexture0.uasset" 318
"../../../Engine/Content/EngineResources/GradientTexture0.uexp" 319
"../../../Engine/Content/EngineSky/VolumetricClouds/T_NoiseShape64.uasset" 320
"../../../Engine/Content/EngineSky/VolumetricClouds/T_NoiseShape64.uexp" 321
"../../../Engine/Content/EngineSky/VolumetricClouds/T_NoiseShape64.ubulk" 322
"../../../Engine/Content/EngineSky/VolumetricClouds/T_VolumeNoiseShape64.uasset" 323
"../../../Engine/Content/EngineSky/VolumetricClouds/T_VolumeNoiseShape64.uexp" 324
"../../../Engine/Content/EngineSky/VolumetricClouds/T_NoiseErosion.uasset" 325
"../../../Engine/Content/EngineSky/VolumetricClouds/T_NoiseErosion.uexp" 326
"../../../Engine/Content/EngineSky/VolumetricClouds/T_NoiseErosion.ubulk" 327
"../../../Engine/Content/EngineSky/VolumetricClouds/T_VolumeNoiseErosion32.uasset" 328
"../../../Engine/Content/EngineSky/VolumetricClouds/T_VolumeNoiseErosion32.uexp" 329
"../../../Engine/Content/EngineSky/VolumetricClouds/CloudWeatherTexture.uasset" 330
"../../../Engine/Content/EngineSky/VolumetricClouds/CloudWeatherTexture.uexp" 331
"../../../Engine/Content/EngineSky/VolumetricClouds/CloudGradientTexture.uasset" 332
"../../../Engine/Content/EngineSky/VolumetricClouds/CloudGradientTexture.uexp" 333
"../../../Engine/Content/Functions/Engine_MaterialFunctions02/Utility/MakeFloat2.uasset" 334
"../../../Engine/Content/Functions/Engine_MaterialFunctions02/Utility/MakeFloat2.uexp" 335
"../../../Engine/Content/EngineSky/VolumetricClouds/m_SimpleVolumetricCloud.uasset" 336
"../../../Engine/Content/EngineSky/VolumetricClouds/m_SimpleVolumetricCloud.uexp" 337
"../../../Engine/Content/EngineSky/VolumetricClouds/m_SimpleVolumetricCloud_Inst.uasset" 338
"../../../Engine/Content/EngineSky/VolumetricClouds/m_SimpleVolumetricCloud_Inst.uexp" 339
"../../../Engine/Content/EngineSounds/Master.uasset" 340
"../../../Engine/Content/EngineSounds/Master.uexp" 341
"../../../Engine/Content/Functions/Engine_MaterialFunctions01/Shading/PowerToRoughness.uasset" 342
"../../../Engine/Content/Functions/Engine_MaterialFunctions01/Shading/PowerToRoughness.uexp" 343
"../../../Engine/Content/Maps/Templates/Thumbnails/Default.uasset" 344
"../../../Engine/Content/Maps/Templates/Thumbnails/Default.uexp" 345
"../../../Engine/Content/Maps/Templates/Thumbnails/TimeOfDay.uasset" 346
"../../../Engine/Content/Maps/Templates/Thumbnails/TimeOfDay.uexp" 347
"../../../Engine/Content/Maps/Templates/Thumbnails/VR-Basic.uasset" 348
"../../../Engine/Content/Maps/Templates/Thumbnails/VR-Basic.uexp" 349
"../../../Engine/Content/MobileResources/T_MobileControls_texture.uasset" 350
"../../../Engine/Content/MobileResources/T_MobileControls_texture.uexp" 351
"../../../Engine/Content/MobileResources/T_MobileMenu2.uasset" 352
"../../../Engine/Content/MobileResources/T_MobileMenu2.uexp" 353
"../../../Engine/Content/MobileResources/HUD/AnalogHat.uasset" 354
"../../../Engine/Content/MobileResources/HUD/AnalogHat.uexp" 355
"../../../Engine/Content/MobileResources/HUD/VirtualJoystick_Thumb.uasset" 356
"../../../Engine/Content/MobileResources/HUD/VirtualJoystick_Thumb.uexp" 357
"../../../Engine/Content/MobileResources/HUD/VirtualJoystick_Background.uasset" 358
"../../../Engine/Content/MobileResources/HUD/VirtualJoystick_Background.uexp" 359
"../../../Engine/Content/MobileResources/HUD/DefaultVirtualJoysticks.uasset" 360
"../../../Engine/Content/MobileResources/HUD/DefaultVirtualJoysticks.uexp" 361
"../../../Engine/Content/MobileResources/HUD/LeftVirtualJoystickOnly.uasset" 362
"../../../Engine/Content/MobileResources/HUD/LeftVirtualJoystickOnly.uexp" 363
"../../../Engine/Content/MobileResources/HUD/MobileHUDButton1_off.uasset" 364
"../../../Engine/Content/MobileResources/HUD/MobileHUDButton1_off.uexp" 365
"../../../Engine/Content/MobileResources/HUD/MobileHUDButton1_on.uasset" 366
"../../../Engine/Content/MobileResources/HUD/MobileHUDButton1_on.uexp" 367
"../../../Engine/Content/MobileResources/HUD/MobileHUDButton2_off.uasset" 368
"../../../Engine/Content/MobileResources/HUD/MobileHUDButton2_off.uexp" 369
"../../../Engine/Content/MobileResources/HUD/MobileHUDButton2_on.uasset" 370
"../../../Engine/Content/MobileResources/HUD/MobileHUDButton2_on.uexp" 371
"../../../Engine/Content/MobileResources/HUD/MobileHUDButton3.uasset" 372
"../../../Engine/Content/MobileResources/HUD/MobileHUDButton3.uexp" 373
"../../../Engine/Content/MobileResources/HUD/MobileHUDButtonFire.uasset" 374
"../../../Engine/Content/MobileResources/HUD/MobileHUDButtonFire.uexp" 375
"../../../Engine/Content/MobileResources/HUD/MobileHUDDirectionPad.uasset" 376
"../../../Engine/Content/MobileResources/HUD/MobileHUDDirectionPad.uexp" 377
"../../../Engine/Content/MobileResources/HUD/MobileHUDDirectionPad2.uasset" 378
"../../../Engine/Content/MobileResources/HUD/MobileHUDDirectionPad2.uexp" 379
"../../../Engine/Content/MobileResources/HUD/MobileHUDDirectionPad3.uasset" 380
"../../../Engine/Content/MobileResources/HUD/MobileHUDDirectionPad3.uexp" 381
"../../../Engine/Content/MobileResources/HUD/MobileHUDDirectionStick.uasset" 382
"../../../Engine/Content/MobileResources/HUD/MobileHUDDirectionStick.uexp" 383
"../../../Engine/Content/MobileResources/HUD/T_Castle_ThumbstickInner.uasset" 384
"../../../Engine/Content/MobileResources/HUD/T_Castle_ThumbstickInner.uexp" 385
"../../../Engine/Content/MobileResources/HUD/T_Castle_ThumbstickOutter.uasset" 386
"../../../Engine/Content/MobileResources/HUD/T_Castle_ThumbstickOutter.uexp" 387
"../../../Engine/Content/Tutorial/ContentIntroCurve.uasset" 388
"../../../Engine/Content/Tutorial/ContentIntroCurve.uexp" 389
"../../../Engine/Content/VREditor/TransformGizmo/TranslucentTransformGizmoMaterial.uasset" 390
"../../../Engine/Content/VREditor/TransformGizmo/TranslucentTransformGizmoMaterial.uexp" 391
"../../../Engine/Content/VREditor/LaserPointer/VR_LaserPower_01.uasset" 392
"../../../Engine/Content/VREditor/LaserPointer/VR_LaserPower_01.uexp" 393
"../../../Engine/Content/VREditor/LaserPointer/VR_LaserPower_01.ubulk" 394
"../../../Engine/Content/VREditor/TransformGizmo/TransformGizmoMaterial.uasset" 395
"../../../Engine/Content/VREditor/TransformGizmo/TransformGizmoMaterial.uexp" 396
"../../../Engine/Content/VREditor/TransformGizmo/BoundingBoxCorner.uasset" 397
"../../../Engine/Content/VREditor/TransformGizmo/BoundingBoxCorner.uexp" 398
"../../../Engine/Content/VREditor/TransformGizmo/BoundingBoxEdge.uasset" 399
"../../../Engine/Content/VREditor/TransformGizmo/BoundingBoxEdge.uexp" 400
"../../../Engine/Content/VREditor/TransformGizmo/PlaneTranslationHandle.uasset" 401
"../../../Engine/Content/VREditor/TransformGizmo/PlaneTranslationHandle.uexp" 402
"../../../Engine/Content/VREditor/TransformGizmo/Xray.uasset" 403
"../../../Engine/Content/VREditor/TransformGizmo/Xray.uexp" 404
"../../../Engine/Content/VREditor/TransformGizmo/Main.uasset" 405
"../../../Engine/Content/VREditor/TransformGizmo/Main.uexp" 406
"../../../Engine/Content/VREditor/TransformGizmo/SM_Sequencer_Key.uasset" 407
"../../../Engine/Content/VREditor/TransformGizmo/SM_Sequencer_Key.uexp" 408
"../../../Engine/Content/VREditor/TransformGizmo/SM_Sequencer_Node.uasset" 409
"../../../Engine/Content/VREditor/TransformGizmo/SM_Sequencer_Node.uexp" 410
"../../../Engine/Plugins/2D/Paper2D/Content/PlaceholderTextures/DummySpriteTexture.uasset" 411
"../../../Engine/Plugins/2D/Paper2D/Content/PlaceholderTextures/DummySpriteTexture.uexp" 412
"../../../Engine/Plugins/2D/Paper2D/Content/PlaceholderTextures/DummySpriteTexture.ubulk" 413
"../../../Engine/Plugins/2D/Paper2D/Content/DummySprite.uasset" 414
"../../../Engine/Plugins/2D/Paper2D/Content/DummySprite.uexp" 415
"../../../Engine/Plugins/2D/Paper2D/Content/DefaultPaperTerrainMaterial.uasset" 416
"../../../Engine/Plugins/2D/Paper2D/Content/DefaultPaperTerrainMaterial.uexp" 417
"../../../Engine/Plugins/2D/Paper2D/Content/DefaultSpriteMaterial.uasset" 418
"../../../Engine/Plugins/2D/Paper2D/Content/DefaultSpriteMaterial.uexp" 419
"../../../Engine/Plugins/2D/Paper2D/Content/MaskedUnlitSpriteMaterial.uasset" 420
"../../../Engine/Plugins/2D/Paper2D/Content/MaskedUnlitSpriteMaterial.uexp" 421
"../../../Engine/Plugins/2D/Paper2D/Content/OpaqueUnlitSpriteMaterial.uasset" 422
"../../../Engine/Plugins/2D/Paper2D/Content/OpaqueUnlitSpriteMaterial.uexp" 423
"../../../Engine/Content/Functions/Engine_MaterialFunctions02/Utility/VectorLength.uasset" 424
"../../../Engine/Content/Functions/Engine_MaterialFunctions02/Utility/VectorLength.uexp" 425
"../../../Engine/Content/Functions/Engine_MaterialFunctions02/ObjectLocalBounds.uasset" 426
"../../../Engine/Content/Functions/Engine_MaterialFunctions02/ObjectLocalBounds.uexp" 427
"../../../Engine/Content/Functions/Engine_MaterialFunctions02/WorldPositionOffset/ObjectScale.uasset" 428
"../../../Engine/Content/Functions/Engine_MaterialFunctions02/WorldPositionOffset/ObjectScale.uexp" 429
"../../../Engine/Content/Functions/Engine_MaterialFunctions02/Utility/BreakOutFloat3Components.uasset" 430
"../../../Engine/Content/Functions/Engine_MaterialFunctions02/Utility/BreakOutFloat3Components.uexp" 431
"../../../Engine/Plugins/Editor/SpeedTreeImporter/Content/SpeedTree9/UnpackInteger3.uasset" 432
"../../../Engine/Plugins/Editor/SpeedTreeImporter/Content/SpeedTree9/UnpackInteger3.uexp" 433
"../../../Engine/Plugins/Editor/SpeedTreeImporter/Content/SpeedTree9/UnpackDirection.uasset" 434
"../../../Engine/Plugins/Editor/SpeedTreeImporter/Content/SpeedTree9/UnpackDirection.uexp" 435
"../../../Engine/Plugins/Editor/SpeedTreeImporter/Content/SpeedTree9/game_wind_noise.uasset" 436
"../../../Engine/Plugins/Editor/SpeedTreeImporter/Content/SpeedTree9/game_wind_noise.uexp" 437
"../../../Engine/Plugins/Editor/SpeedTreeImporter/Content/SpeedTree9/game_wind_noise.ubulk" 438
"../../../Engine/Content/Functions/Engine_MaterialFunctions02/SafeNormalize.uasset" 439
"../../../Engine/Content/Functions/Engine_MaterialFunctions02/SafeNormalize.uexp" 440
"../../../Engine/Plugins/Editor/SpeedTreeImporter/Content/SpeedTree9/SpeedTreeWindMotion.uasset" 441
"../../../Engine/Plugins/Editor/SpeedTreeImporter/Content/SpeedTree9/SpeedTreeWindMotion.uexp" 442
"../../../Engine/Plugins/Editor/SpeedTreeImporter/Content/SpeedTree9/SpeedTreeBranchMotion.uasset" 443
"../../../Engine/Plugins/Editor/SpeedTreeImporter/Content/SpeedTree9/SpeedTreeBranchMotion.uexp" 444
"../../../Engine/Content/Functions/Engine_MaterialFunctions02/UVs/BoundingBoxBased_0-1_UVW.uasset" 445
"../../../Engine/Content/Functions/Engine_MaterialFunctions02/UVs/BoundingBoxBased_0-1_UVW.uexp" 446
"../../../Engine/Plugins/Editor/SpeedTreeImporter/Content/SpeedTree9/SpeedTreeWind.uasset" 447
"../../../Engine/Plugins/Editor/SpeedTreeImporter/Content/SpeedTree9/SpeedTreeWind.uexp" 448
"../../../Engine/Plugins/Editor/SpeedTreeImporter/Content/SpeedTree9/SpeedTreeBillboard.uasset" 449
"../../../Engine/Plugins/Editor/SpeedTreeImporter/Content/SpeedTree9/SpeedTreeBillboard.uexp" 450
"../../../Engine/Plugins/Editor/SpeedTreeImporter/Content/SpeedTree9/EmptyNormal.uasset" 451
"../../../Engine/Plugins/Editor/SpeedTreeImporter/Content/SpeedTree9/EmptyNormal.uexp" 452
"../../../Engine/Plugins/Editor/SpeedTreeImporter/Content/SpeedTree9/Empty.uasset" 453
"../../../Engine/Plugins/Editor/SpeedTreeImporter/Content/SpeedTree9/Empty.uexp" 454
"../../../Engine/Plugins/Editor/SpeedTreeImporter/Content/SpeedTree9/SpeedTreeBillboardMaster.uasset" 455
"../../../Engine/Plugins/Editor/SpeedTreeImporter/Content/SpeedTree9/SpeedTreeBillboardMaster.uexp" 456
"../../../Engine/Plugins/Editor/SpeedTreeImporter/Content/SpeedTree9/SpeedTreeCameraFacing.uasset" 457
"../../../Engine/Plugins/Editor/SpeedTreeImporter/Content/SpeedTree9/SpeedTreeCameraFacing.uexp" 458
"../../../Engine/Plugins/Editor/SpeedTreeImporter/Content/SpeedTree9/SpeedTreeMaster.uasset" 459
"../../../Engine/Plugins/Editor/SpeedTreeImporter/Content/SpeedTree9/SpeedTreeMaster.uexp" 460
"../../../Engine/Content/ArtTools/RenderToTexture/Materials/Debug/M_Emissive_Color.uasset" 461
"../../../Engine/Content/ArtTools/RenderToTexture/Materials/Debug/M_Emissive_Color.uexp" 462
"../../../Engine/Content/BasicShapes/Cylinder.uasset" 463
"../../../Engine/Content/BasicShapes/Cylinder.uexp" 464
"../../../Engine/Plugins/Runtime/OpenXR/Content/Devices/GoogleDaydream/MRTexture.uasset" 465
"../../../Engine/Plugins/Runtime/OpenXR/Content/Devices/GoogleDaydream/MRTexture.uexp" 466
"../../../Engine/Plugins/Runtime/OpenXR/Content/Devices/GoogleDaydream/MRTexture.ubulk" 467
"../../../Engine/Plugins/Runtime/OpenXR/Content/Devices/GoogleDaydream/BaseTexture.uasset" 468
"../../../Engine/Plugins/Runtime/OpenXR/Content/Devices/GoogleDaydream/BaseTexture.uexp" 469
"../../../Engine/Plugins/Runtime/OpenXR/Content/Devices/GoogleDaydream/BaseTexture.ubulk" 470
"../../../Engine/Content/EngineResources/Black.uasset" 471
"../../../Engine/Content/EngineResources/Black.uexp" 472
"../../../Engine/Plugins/Runtime/OpenXR/Content/Devices/M_XRController.uasset" 473
"../../../Engine/Plugins/Runtime/OpenXR/Content/Devices/M_XRController.uexp" 474
"../../../Engine/Plugins/Runtime/OpenXR/Content/Devices/GoogleDaydream/MI_GoogleDaydream.uasset" 475
"../../../Engine/Plugins/Runtime/OpenXR/Content/Devices/GoogleDaydream/MI_GoogleDaydream.uexp" 476
"../../../Engine/Plugins/Runtime/OpenXR/Content/Devices/GoogleDaydream/GoogleDaydreamController.uasset" 477
"../../../Engine/Plugins/Runtime/OpenXR/Content/Devices/GoogleDaydream/GoogleDaydreamController.uexp" 478
"../../../Engine/Plugins/Runtime/OpenXR/Content/Devices/HTCVive/BaseTexture.uasset" 479
"../../../Engine/Plugins/Runtime/OpenXR/Content/Devices/HTCVive/BaseTexture.uexp" 480
"../../../Engine/Plugins/Runtime/OpenXR/Content/Devices/HTCVive/BaseTexture.ubulk" 481
"../../../Engine/Plugins/Runtime/OpenXR/Content/Devices/HTCVive/MI_HTCVive.uasset" 482
"../../../Engine/Plugins/Runtime/OpenXR/Content/Devices/HTCVive/MI_HTCVive.uexp" 483
"../../../Engine/Plugins/Runtime/OpenXR/Content/Devices/HTCVive/HTCViveController.uasset" 484
"../../../Engine/Plugins/Runtime/OpenXR/Content/Devices/HTCVive/HTCViveController.uexp" 485
"../../../Engine/Plugins/Runtime/OpenXR/Content/Devices/MicrosoftMixedReality/NormalTexture.uasset" 486
"../../../Engine/Plugins/Runtime/OpenXR/Content/Devices/MicrosoftMixedReality/NormalTexture.uexp" 487
"../../../Engine/Plugins/Runtime/OpenXR/Content/Devices/MicrosoftMixedReality/NormalTexture.ubulk" 488
"../../../Engine/Plugins/Runtime/OpenXR/Content/Devices/MicrosoftMixedReality/MRTexture.uasset" 489
"../../../Engine/Plugins/Runtime/OpenXR/Content/Devices/MicrosoftMixedReality/MRTexture.uexp" 490
"../../../Engine/Plugins/Runtime/OpenXR/Content/Devices/MicrosoftMixedReality/MRTexture.ubulk" 491
"../../../Engine/Plugins/Runtime/OpenXR/Content/Devices/MicrosoftMixedReality/EmissiveTexture.uasset" 492
"../../../Engine/Plugins/Runtime/OpenXR/Content/Devices/MicrosoftMixedReality/EmissiveTexture.uexp" 493
"../../../Engine/Plugins/Runtime/OpenXR/Content/Devices/MicrosoftMixedReality/EmissiveTexture.ubulk" 494
"../../../Engine/Plugins/Runtime/OpenXR/Content/Devices/MicrosoftMixedReality/BaseTexture.uasset" 495
"../../../Engine/Plugins/Runtime/OpenXR/Content/Devices/MicrosoftMixedReality/BaseTexture.uexp" 496
"../../../Engine/Plugins/Runtime/OpenXR/Content/Devices/MicrosoftMixedReality/BaseTexture.ubulk" 497
"../../../Engine/Plugins/Runtime/OpenXR/Content/Devices/MicrosoftMixedReality/MI_MicrosoftMixedReality.uasset" 498
"../../../Engine/Plugins/Runtime/OpenXR/Content/Devices/MicrosoftMixedReality/MI_MicrosoftMixedReality.uexp" 499
"../../../Engine/Plugins/Runtime/OpenXR/Content/Devices/MicrosoftMixedReality/Left/left_MicrosoftMixedRealityController.uasset" 500
"../../../Engine/Plugins/Runtime/OpenXR/Content/Devices/MicrosoftMixedReality/Left/left_MicrosoftMixedRealityController.uexp" 501
"../../../Engine/Plugins/Runtime/OpenXR/Content/Devices/MicrosoftMixedReality/Right/right_MicrosoftMixedRealityController.uasset" 502
"../../../Engine/Plugins/Runtime/OpenXR/Content/Devices/MicrosoftMixedReality/Right/right_MicrosoftMixedRealityController.uexp" 503
"../../../Engine/Plugins/Runtime/OpenXR/Content/Devices/OculusGo/BaseTexture.uasset" 504
"../../../Engine/Plugins/Runtime/OpenXR/Content/Devices/OculusGo/BaseTexture.uexp" 505
"../../../Engine/Plugins/Runtime/OpenXR/Content/Devices/OculusGo/BaseTexture.ubulk" 506
"../../../Engine/Plugins/Runtime/OpenXR/Content/Devices/OculusGo/MI_OculusGo.uasset" 507
"../../../Engine/Plugins/Runtime/OpenXR/Content/Devices/OculusGo/MI_OculusGo.uexp" 508
"../../../Engine/Plugins/Runtime/OpenXR/Content/Devices/OculusGo/OculusGoController.uasset" 509
"../../../Engine/Plugins/Runtime/OpenXR/Content/Devices/OculusGo/OculusGoController.uexp" 510
"../../../Engine/Plugins/Runtime/OpenXR/Content/Devices/OculusTouch/MRTexture.uasset" 511
"../../../Engine/Plugins/Runtime/OpenXR/Content/Devices/OculusTouch/MRTexture.uexp" 512
"../../../Engine/Plugins/Runtime/OpenXR/Content/Devices/OculusTouch/MRTexture.ubulk" 513
"../../../Engine/Plugins/Runtime/OpenXR/Content/Devices/OculusTouch/BaseTexture.uasset" 514
"../../../Engine/Plugins/Runtime/OpenXR/Content/Devices/OculusTouch/BaseTexture.uexp" 515
"../../../Engine/Plugins/Runtime/OpenXR/Content/Devices/OculusTouch/BaseTexture.ubulk" 516
"../../../Engine/Plugins/Runtime/OpenXR/Content/Devices/OculusTouch/MI_OculusTouch.uasset" 517
"../../../Engine/Plugins/Runtime/OpenXR/Content/Devices/OculusTouch/MI_OculusTouch.uexp" 518
"../../../Engine/Plugins/Runtime/OpenXR/Content/Devices/OculusTouch/Left/left_OculusTouchController.uasset" 519
"../../../Engine/Plugins/Runtime/OpenXR/Content/Devices/OculusTouch/Left/left_OculusTouchController.uexp" 520
"../../../Engine/Plugins/Runtime/OpenXR/Content/Devices/OculusTouch/Right/right_OculusTouchController.uasset" 521
"../../../Engine/Plugins/Runtime/OpenXR/Content/Devices/OculusTouch/Right/right_OculusTouchController.uexp" 522
"../../../Engine/Plugins/Runtime/OpenXR/Content/Devices/OculusTouch_v2/MRTexture.uasset" 523
"../../../Engine/Plugins/Runtime/OpenXR/Content/Devices/OculusTouch_v2/MRTexture.uexp" 524
"../../../Engine/Plugins/Runtime/OpenXR/Content/Devices/OculusTouch_v2/MRTexture.ubulk" 525
"../../../Engine/Plugins/Runtime/OpenXR/Content/Devices/OculusTouch_v2/BaseTexture.uasset" 526
"../../../Engine/Plugins/Runtime/OpenXR/Content/Devices/OculusTouch_v2/BaseTexture.uexp" 527
"../../../Engine/Plugins/Runtime/OpenXR/Content/Devices/OculusTouch_v2/BaseTexture.ubulk" 528
"../../../Engine/Plugins/Runtime/OpenXR/Content/Devices/OculusTouch_v2/MI_OculusTouch_v2.uasset" 529
"../../../Engine/Plugins/Runtime/OpenXR/Content/Devices/OculusTouch_v2/MI_OculusTouch_v2.uexp" 530
"../../../Engine/Plugins/Runtime/OpenXR/Content/Devices/OculusTouch_v2/Left/left_OculusTouch_v2Controller.uasset" 531
"../../../Engine/Plugins/Runtime/OpenXR/Content/Devices/OculusTouch_v2/Left/left_OculusTouch_v2Controller.uexp" 532
"../../../Engine/Plugins/Runtime/OpenXR/Content/Devices/OculusTouch_v2/Right/right_OculusTouch_v2Controller.uasset" 533
"../../../Engine/Plugins/Runtime/OpenXR/Content/Devices/OculusTouch_v2/Right/right_OculusTouch_v2Controller.uexp" 534
"../../../Engine/Plugins/Runtime/OpenXR/Content/Devices/OculusTouch_v3/MRTexture.uasset" 535
"../../../Engine/Plugins/Runtime/OpenXR/Content/Devices/OculusTouch_v3/MRTexture.uexp" 536
"../../../Engine/Plugins/Runtime/OpenXR/Content/Devices/OculusTouch_v3/MRTexture.ubulk" 537
"../../../Engine/Plugins/Runtime/OpenXR/Content/Devices/OculusTouch_v3/BaseTexture.uasset" 538
"../../../Engine/Plugins/Runtime/OpenXR/Content/Devices/OculusTouch_v3/BaseTexture.uexp" 539
"../../../Engine/Plugins/Runtime/OpenXR/Content/Devices/OculusTouch_v3/BaseTexture.ubulk" 540
"../../../Engine/Plugins/Runtime/OpenXR/Content/Devices/OculusTouch_v3/MI_OculusTouch_v3.uasset" 541
"../../../Engine/Plugins/Runtime/OpenXR/Content/Devices/OculusTouch_v3/MI_OculusTouch_v3.uexp" 542
"../../../Engine/Plugins/Runtime/OpenXR/Content/Devices/OculusTouch_v3/Left/left_OculusTouch_v3Controller.uasset" 543
"../../../Engine/Plugins/Runtime/OpenXR/Content/Devices/OculusTouch_v3/Left/left_OculusTouch_v3Controller.uexp" 544
"../../../Engine/Plugins/Runtime/OpenXR/Content/Devices/OculusTouch_v3/Right/right_OculusTouch_v3Controller.uasset" 545
"../../../Engine/Plugins/Runtime/OpenXR/Content/Devices/OculusTouch_v3/Right/right_OculusTouch_v3Controller.uexp" 546
"../../../Engine/Plugins/Runtime/OpenXR/Content/Devices/ValveIndex/MRTexture.uasset" 547
"../../../Engine/Plugins/Runtime/OpenXR/Content/Devices/ValveIndex/MRTexture.uexp" 548
"../../../Engine/Plugins/Runtime/OpenXR/Content/Devices/ValveIndex/MRTexture.ubulk" 549
"../../../Engine/Plugins/Runtime/OpenXR/Content/Devices/ValveIndex/BaseTexture.uasset" 550
"../../../Engine/Plugins/Runtime/OpenXR/Content/Devices/ValveIndex/BaseTexture.uexp" 551
"../../../Engine/Plugins/Runtime/OpenXR/Content/Devices/ValveIndex/BaseTexture.ubulk" 552
"../../../Engine/Plugins/Runtime/OpenXR/Content/Devices/ValveIndex/Left/MI_left_ValveIndex.uasset" 553
"../../../Engine/Plugins/Runtime/OpenXR/Content/Devices/ValveIndex/Left/MI_left_ValveIndex.uexp" 554
"../../../Engine/Plugins/Runtime/OpenXR/Content/Devices/ValveIndex/Left/left_ValveIndexController.uasset" 555
"../../../Engine/Plugins/Runtime/OpenXR/Content/Devices/ValveIndex/Left/left_ValveIndexController.uexp" 556
"../../../Engine/Plugins/Runtime/OpenXR/Content/Devices/ValveIndex/Right/MI_right_ValveIndex.uasset" 557
"../../../Engine/Plugins/Runtime/OpenXR/Content/Devices/ValveIndex/Right/MI_right_ValveIndex.uexp" 558
"../../../Engine/Plugins/Runtime/OpenXR/Content/Devices/ValveIndex/Right/right_ValveIndexController.uasset" 559
"../../../Engine/Plugins/Runtime/OpenXR/Content/Devices/ValveIndex/Right/right_ValveIndexController.uexp" 560
"../../../Engine/Content/Functions/Engine_MaterialFunctions02/Utility/BreakOutFloat4Components.uasset" 561
"../../../Engine/Content/Functions/Engine_MaterialFunctions02/Utility/BreakOutFloat4Components.uexp" 562
"../../../Engine/Content/Functions/Engine_MaterialFunctions02/Utility/MakeFloat3.uasset" 563
"../../../Engine/Content/Functions/Engine_MaterialFunctions02/Utility/MakeFloat3.uexp" 564
"../../../Engine/Plugins/Runtime/Oculus/OculusVR/Content/Materials/OculusMR_ChromaKey.uasset" 565
"../../../Engine/Plugins/Runtime/Oculus/OculusVR/Content/Materials/OculusMR_ChromaKey.uexp" 566
"../../../Engine/Plugins/Runtime/Oculus/OculusVR/Content/Materials/OculusMR_OpaqueColoredMaterial.uasset" 567
"../../../Engine/Plugins/Runtime/Oculus/OculusVR/Content/Materials/OculusMR_OpaqueColoredMaterial.uexp" 568
"../../../Engine/Plugins/Runtime/Oculus/OculusVR/Content/Materials/PokeAHoleMaterial.uasset" 569
"../../../Engine/Plugins/Runtime/Oculus/OculusVR/Content/Materials/PokeAHoleMaterial.uexp" 570
"../../../Engine/Plugins/Runtime/Oculus/OculusVR/Content/Textures/touchController_controlmap.uasset" 571
"../../../Engine/Plugins/Runtime/Oculus/OculusVR/Content/Textures/touchController_controlmap.uexp" 572
"../../../Engine/Plugins/Runtime/Oculus/OculusVR/Content/Textures/touchController_controlmap.ubulk" 573
"../../../Engine/Plugins/Runtime/Oculus/OculusVR/Content/Textures/touchController_albedo.uasset" 574
"../../../Engine/Plugins/Runtime/Oculus/OculusVR/Content/Textures/touchController_albedo.uexp" 575
"../../../Engine/Plugins/Runtime/Oculus/OculusVR/Content/Textures/touchController_albedo.ubulk" 576
"../../../Engine/Plugins/Runtime/Oculus/OculusVR/Content/Materials/touchController_mat.uasset" 577
"../../../Engine/Plugins/Runtime/Oculus/OculusVR/Content/Materials/touchController_mat.uexp" 578
"../../../Engine/Plugins/Runtime/Oculus/OculusVR/Content/Meshes/LeftTouchController.uasset" 579
"../../../Engine/Plugins/Runtime/Oculus/OculusVR/Content/Meshes/LeftTouchController.uexp" 580
"../../../Engine/Plugins/Runtime/Oculus/OculusVR/Content/Textures/TouchForQuestRiftSController_albedo.uasset" 581
"../../../Engine/Plugins/Runtime/Oculus/OculusVR/Content/Textures/TouchForQuestRiftSController_albedo.uexp" 582
"../../../Engine/Plugins/Runtime/Oculus/OculusVR/Content/Textures/TouchForQuestRiftSController_albedo.ubulk" 583
"../../../Engine/Plugins/Runtime/Oculus/OculusVR/Content/Materials/TouchForQuestRiftSControllerMaterial.uasset" 584
"../../../Engine/Plugins/Runtime/Oculus/OculusVR/Content/Materials/TouchForQuestRiftSControllerMaterial.uexp" 585
"../../../Engine/Plugins/Runtime/Oculus/OculusVR/Content/Meshes/LeftTouchForQuestRiftSController.uasset" 586
"../../../Engine/Plugins/Runtime/Oculus/OculusVR/Content/Meshes/LeftTouchForQuestRiftSController.uexp" 587
"../../../Engine/Plugins/Runtime/Oculus/OculusVR/Content/Meshes/RiftHMD.uasset" 588
"../../../Engine/Plugins/Runtime/Oculus/OculusVR/Content/Meshes/RiftHMD.uexp" 589
"../../../Engine/Plugins/Runtime/Oculus/OculusVR/Content/Meshes/RightTouchController.uasset" 590
"../../../Engine/Plugins/Runtime/Oculus/OculusVR/Content/Meshes/RightTouchController.uexp" 591
"../../../Engine/Plugins/Runtime/Oculus/OculusVR/Content/Meshes/RightTouchForQuestRiftSController.uasset" 592
"../../../Engine/Plugins/Runtime/Oculus/OculusVR/Content/Meshes/RightTouchForQuestRiftSController.uexp" 593
"../../../Engine/Content/EngineSky/T_Sky_Stars.uasset" 594
"../../../Engine/Content/EngineSky/T_Sky_Stars.uexp" 595
"../../../Engine/Content/EngineSky/T_Sky_Stars.ubulk" 596
"../../../Engine/Content/EngineSky/T_Sky_Clouds_M.uasset" 597
"../../../Engine/Content/EngineSky/T_Sky_Clouds_M.uexp" 598
"../../../Engine/Content/EngineSky/T_Sky_Clouds_M.ubulk" 599
"../../../Engine/Content/EngineSky/T_Sky_Blue.uasset" 600
"../../../Engine/Content/EngineSky/T_Sky_Blue.uexp" 601
"../../../Engine/Content/EngineSky/T_Sky_Blue.ubulk" 602
"../../../Engine/Content/EngineSky/M_Sky_Panning_Clouds2.uasset" 603
"../../../Engine/Content/EngineSky/M_Sky_Panning_Clouds2.uexp" 604
"D:/project/unreal project/Introduce/AndroidQuickStart/Content/ThirdPersonBP/Maps/ThirdPersonExampleMap_BuiltData.uasset" 605
"D:/project/unreal project/Introduce/AndroidQuickStart/Content/ThirdPersonBP/Maps/ThirdPersonExampleMap_BuiltData.uexp" 606
"D:/project/unreal project/Introduce/AndroidQuickStart/Content/ThirdPersonBP/Maps/ThirdPersonExampleMap_BuiltData.ubulk" 607
"../../../Engine/Content/EngineSky/SM_SkySphere.uasset" 608
"../../../Engine/Content/EngineSky/SM_SkySphere.uexp" 609
"../../../Engine/Content/EngineSky/C_Sky_Zenith_Color.uasset" 610
"../../../Engine/Content/EngineSky/C_Sky_Zenith_Color.uexp" 611
"../../../Engine/Content/EngineSky/C_Sky_Horizon_Color.uasset" 612
"../../../Engine/Content/EngineSky/C_Sky_Horizon_Color.uexp" 613
"../../../Engine/Content/EngineSky/C_Sky_Cloud_Color.uasset" 614
"../../../Engine/Content/EngineSky/C_Sky_Cloud_Color.uexp" 615
"../../../Engine/Content/EngineSky/BP_Sky_Sphere.uasset" 616
"../../../Engine/Content/EngineSky/BP_Sky_Sphere.uexp" 617
"D:/project/unreal project/Introduce/AndroidQuickStart/Content/ThirdPerson/Meshes/RampMaterial.uasset" 618
"D:/project/unreal project/Introduce/AndroidQuickStart/Content/ThirdPerson/Meshes/RampMaterial.uexp" 619
"D:/project/unreal project/Introduce/AndroidQuickStart/Content/ThirdPerson/Meshes/RightArm_StaticMesh.uasset" 620
"D:/project/unreal project/Introduce/AndroidQuickStart/Content/ThirdPerson/Meshes/RightArm_StaticMesh.uexp" 621
"D:/project/unreal project/Introduce/AndroidQuickStart/Content/ThirdPerson/Meshes/Ramp_StaticMesh.uasset" 622
"D:/project/unreal project/Introduce/AndroidQuickStart/Content/ThirdPerson/Meshes/Ramp_StaticMesh.uexp" 623
"D:/project/unreal project/Introduce/AndroidQuickStart/Content/ThirdPerson/Meshes/Linear_Stair_StaticMesh.uasset" 624
"D:/project/unreal project/Introduce/AndroidQuickStart/Content/ThirdPerson/Meshes/Linear_Stair_StaticMesh.uexp" 625
"D:/project/unreal project/Introduce/AndroidQuickStart/Content/ThirdPerson/Meshes/LeftArm_StaticMesh.uasset" 626
"D:/project/unreal project/Introduce/AndroidQuickStart/Content/ThirdPerson/Meshes/LeftArm_StaticMesh.uexp" 627
"D:/project/unreal project/Introduce/AndroidQuickStart/Content/ThirdPerson/Meshes/Bump_StaticMesh.uasset" 628
"D:/project/unreal project/Introduce/AndroidQuickStart/Content/ThirdPerson/Meshes/Bump_StaticMesh.uexp" 629
"D:/project/unreal project/Introduce/AndroidQuickStart/Content/Geometry/Meshes/CubeMaterial.uasset" 630
"D:/project/unreal project/Introduce/AndroidQuickStart/Content/Geometry/Meshes/CubeMaterial.uexp" 631
"D:/project/unreal project/Introduce/AndroidQuickStart/Content/Geometry/Meshes/TemplateFloor.uasset" 632
"D:/project/unreal project/Introduce/AndroidQuickStart/Content/Geometry/Meshes/TemplateFloor.uexp" 633
"D:/project/unreal project/Introduce/AndroidQuickStart/Content/Geometry/Meshes/1M_Cube_Chamfer.uasset" 634
"D:/project/unreal project/Introduce/AndroidQuickStart/Content/Geometry/Meshes/1M_Cube_Chamfer.uexp" 635
"D:/project/unreal project/Introduce/AndroidQuickStart/Content/Geometry/Meshes/1M_Cube.uasset" 636
"D:/project/unreal project/Introduce/AndroidQuickStart/Content/Geometry/Meshes/1M_Cube.uexp" 637
"D:/project/unreal project/Introduce/AndroidQuickStart/Content/ThirdPersonBP/Maps/ThirdPersonExampleMap.uexp" 638
"D:/project/unreal project/Introduce/AndroidQuickStart/Content/ThirdPersonBP/Maps/ThirdPersonExampleMap.umap" 639
"../../../Engine/Content/Maps/Entry_BuiltData.uasset" 640
"../../../Engine/Content/Maps/Entry_BuiltData.uexp" 641
"../../../Engine/Content/Maps/Entry.uexp" 642
"../../../Engine/Content/Maps/Entry.umap" 643
